diget cheetos waterlilyseed
aloeveraseed zec
gum orangetreeseed buttering
crownsando frailejonseed pokerchip
cheetos buttering knapweedseed
butterwaffle tomatoplantseed
speedrockseed ohpotato
bigpie bonsaiseed burfordhollyseed cornchip
caramel chocochip baldcypressseed homerunball ponytailpalmseed
bambooseed homerunball crownsando pokerchip
chocopie japanesemapleseed pokerchip burnttreeseed ogokcookie sawkkang teapotseed kimchi
yaegam homerunball huangshanpineseed ace chocolate
candy sugarmapleseed jeffreypineseed bbadacoconut
roughgrassseed motherhandpie caramel zec buttering sawkkang
ogokcookie bbadacoconut grapevineseed candy soomichip europeanaspenseed butterwaffle
commonmushroomseed bigpie butterwaffle dragontreeseed koreanstewartiaseed whiteheim chocochip
buttering kimchi shaleseed cattailseed motherhandpie
gum soomichip tomatoplantseed crownsando pampasgrassseed
ace cheetos yaegam azaleaseed rainbowgumseed tobaccoseed bigpie
soomichip kokalcone bigpie chocopie ocotilloseed jagalchi gum ogokcookie
