cheetos butterwaffle soomichip bigpie crownsando nacho jagalchi cornchip caramel diget kimchi waterlilyseed yaegam
gum koreanstewartiaseed caramel cheetos chocolate knapweedseed fancoralseed whiteheim nacho butterwaffle yaegam
pokerchip southernmagnoliaseed kapokseed sawkkang
easternwhitepineseed soomichip zec diget ogokcookie bigpie sawkkang chocopie couquedasse kokalcone
kimchi yaegam chocolate bbadacoconut easternwhitepineseed japaneseangelicaseed jagalchi bigpie whiteheim gum crownsando ace chocopie
easternredcedarseed motherhandpie candy zec chinesefanpalmseed europeanlindenseed chocopie nacho chocolate kimchi bigpie
diget kimchi crownsando zec nacho caramel jagalchi samplepalmseed
ace kimchi whiteheim europeanaspenseed yaegam bbadacoconut crownsando motherhandpie pokerchip sagopalmseed diget
cactusinskullseed bristleconepineseed bbadacoconut crownsando diget chocopie thickgrassseed butterwaffle
buttering diget cheetos bananakick crapemyrtleseed redrosebushseed bigpie gum kapokseed motherhandpie nacho butterwaffle sawkkang
ogokcookie fencevineseed motherhandpie bbadacoconut kokalcone koreanstewartiaseed americanboxwoodseed
boletemushroomseed redrosebushseed redmangroveseed crownsando couquedasse jagalchi soomichip sagebrushseed bananakick bristleconepineseed
yaegam bananakick sawkkang dustseed bonsaiseed zec gum ogokcookie bigpie redrosebushseed floodedgumseed
ace bigpie couquedasse boletemushroomseed whiteheim kimchi pokerchip shaleseed cornchip buttering loblollypineseed bananakick crownsando diget bbadacoconut
bigpie lotusflowerseed butterwaffle chocochip cornchip kokalcone chocopie headlesshorsemanseed bananakick
couquedasse diget ace buttering commonhazelseed motherhandpie cheetos bananakick butterwaffle
jagalchi diget chollacactusseed shingleoakseed ohpotato marineseed whiteheim soomichip
homerunball bananakick pokerchip cheetos fancoralseed chocolate candy cornchip ohpotato
elephantearplantseed buttering yaegam
butterwaffle cedaroflebanonseed huangshanpineseed pokerchip ohpotato diget chocolate norwayspruceseed venusflytrapseed
pokerchip diget europeanaspenseed jagalchi ohpotato
kimchi couquedasse whiteheim jeffreypineseed commonhawthornseed homerunball ogokcookie soomichip butterwaffle gravestonesseed candy americanhollyseed
easternwhitepineseed yaegam easterlilycactusseed sawkkang caramel dustseed cherrytreeseed butterwaffle japanesemapleseed crownsando
diget marigoldseed sawkkang whiteheim europeanbeechseed kokalcone bambooseed kimchi ohpotato pokerchip ace cherrytreeseed cheetos
motherhandpie whiteoakseed tomatoplantseed crownsando liveoakseed whiteheim couquedasse
kimchi ogokcookie buttering japanesemapleseed peachtreeseed ohpotato ace londonplaneseed chocopie diget tobaccoseed redrosebushseed butterwaffle falsespireaplantseed bbadacoconut soomichip
bananakick chocochip cheetos zec gum bigpie homerunball plitvicemapleseed yaegam candy nacho ohpotato
gum yaegam diget pokerchip kokalcone chocolate homerunball nacho acaciaseed chocochip couquedasse whiteheim
nacho chocochip homerunball bigpie cornchip venusflytrapseed cattailseed monkeypuzzletreeseed ace bananakick candy teapotseed
buttering candy jagalchi cheetos zec ogokcookie butterfliesseed cornchip bananakick ace bbadacoconut caramel gum
chocochip buttering jagalchi bbadacoconut crownsando chocopie butterwaffle sawkkang horseweedseed whiteheim homerunball pokerchip kokalcone
sawkkang diget cheetos burnttreeseed cornchip curlypalmseed ohpotato bbadacoconut chocochip chocopie motherhandpie plitvicemapleseed whiteheim
bananakick ohpotato americanboxwoodseed nacho couquedasse bbadacoconut motherhandpie sawkkang kimchi buttering candy dragontreeseed
chocolate gum palmettoseed tomatoplantseed buttering sawkkang chocopie cornchip diget zec redgumseed butterwaffle
americansycamoreseed chocochip bigpie cornchip homerunball japanesemapleseed caramel crownsando bbadacoconut europeanbeechseed ohpotato zec cheetos grapevineseed
tropicalsnowseed chocochip chocopie redoakseed redgumseed crownsando orangetreeseed tomatoplantseed couquedasse gum jagalchi bananakick
beavertailcactusseed bigpie jagalchi couquedasse cheetos europeanlindenseed gum pokerchip ogokcookie yaegam diget butterwaffle zec whiteheim bananakick candy
riverbirchseed chocolate roughgrassseed jagalchi ohpotato pondweedseed soomichip motherhandpie yaegam crownsando westernswordfernseed ogokcookie pokerchip chocochip ace lotusflowerseed
switchcaneseed yaegam kimchi southernmagnoliaseed blackelderseed bananakick gravestonesseed bigpie gum dragontreeseed nacho europeanbeechseed
commonmushroomseed aloeveraseed chocopie pokerchip couquedasse queenpalmseed bananaplantseed kokalcone bonsaiseed cornchip motherhandpie stumpseed
tobaccoseed kousadogwoodseed commonhazelseed kimchi mapleshrubseed handdrawnseed ogokcookie africanbaobabseed stumpseed kokalcone homerunball caramel yaegam ace chocopie bbadacoconut
kudzuseed cornchip cornstalkseed caramel soomichip butterwaffle bananakick chocochip chocopie kimchi commonmushroomseed bbadacoconut jagalchi ace bigpie chocolate
ogokcookie ace bananakick buttering bigpie pokerchip diget ohpotato cornchip crownsando chocochip barrelcactusseed kimchi
starfishseed buttering ace bonsaiseed diget candy kokalcone ogokcookie nacho whiteheim cheetos waterlilyseed europeanaspenseed gum bbadacoconut
butterwaffle bigpie azaleaseed europeanlindenseed chocochip speedrockseed bbadacoconut cattailseed cheetos candy kimchi ace nacho ohpotato
gum pokerchip ogokcookie sugarmapleseed madagascanbaobabseed bambooseed butterwaffle queenpalmseed elephantgrassseed couquedasse diget ace zec crownsando nacho soomichip
cheetos couquedasse bbadacoconut chocopie crownsando motherhandpie rockfernseed honeymesquiteseed chocolate swordplantseed bananakick jagalchi
cheetos yaegam datepalmseed cornchip sampleconiferseed sawkkang dogroseseed chocolate couquedasse commonhazelseed knapweedseed koreanstewartiaseed ogokcookie butterwaffle
conifersseed bananakick couquedasse ace kokalcone nacho chocolate crownsando pokerchip gum thatchhutseed homerunball japanesemapleseed
pokerchip bananakick crownsando chocolate motherhandpie nacho westernswordfernseed homerunball kimchi zec chocochip gum cornchip soomichip
